find_executable: checking for pg_config... -------------------- yes

--------------------

"clang -o conftest -I/Users/imjeffreylee/.rbenv/versions/2.5.1/include/ruby-2.5.0/x86_64-darwin18 -I/Users/imjeffreylee/.rbenv/versions/2.5.1/include/ruby-2.5.0/ruby/backward -I/Users/imjeffreylee/.rbenv/versions/2.5.1/include/ruby-2.5.0 -I. -I/Applications/Postgres.app/Contents/Versions/12/include -I/Users/imjeffreylee/.rbenv/versions/2.5.1/include  -D_XOPEN_SOURCE -D_DARWIN_C_SOURCE -D_DARWIN_UNLIMITED_SELECT -D_REENTRANT    -O3 -Wno-error=shorten-64-to-32  -pipe conftest.c  -L. -L/Users/imjeffreylee/.rbenv/versions/2.5.1/lib -L/Applications/Postgres.app/Contents/Versions/12/lib -L. -L/Users/imjeffreylee/.rbenv/versions/2.5.1/lib  -fstack-protector -L/usr/local/lib     -lruby.2.5.1-static -framework Foundation  -lpthread -ldl -lobjc "
checked program was:
/* begin */
1: #include "ruby.h"
2: 
3: int main(int argc, char **argv)
4: {
5:   return 0;
6: }
/* end */

"clang -o conftest -I/Users/imjeffreylee/.rbenv/versions/2.5.1/include/ruby-2.5.0/x86_64-darwin18 -I/Users/imjeffreylee/.rbenv/versions/2.5.1/include/ruby-2.5.0/ruby/backward -I/Users/imjeffreylee/.rbenv/versions/2.5.1/include/ruby-2.5.0 -I. -I/Applications/Postgres.app/Contents/Versions/12/include -I/Users/imjeffreylee/.rbenv/versions/2.5.1/include  -D_XOPEN_SOURCE -D_DARWIN_C_SOURCE -D_DARWIN_UNLIMITED_SELECT -D_REENTRANT    -O3 -Wno-error=shorten-64-to-32  -pipe conftest.c  -L. -L/Users/imjeffreylee/.rbenv/versions/2.5.1/lib -L/Applications/Postgres.app/Contents/Versions/12/lib -L. -L/Users/imjeffreylee/.rbenv/versions/2.5.1/lib  -fstack-protector -L/usr/local/lib     -lruby.2.5.1-static -framework Foundation  -Wl,-rpath,/Applications/Postgres.app/Contents/Versions/12/lib -lpthread -ldl -lobjc "
checked program was:
/* begin */
1: #include "ruby.h"
2: 
3: int main() {return 0;}
/* end */

find_header: checking for libpq-fe.h... -------------------- yes

"clang -E -I/Users/imjeffreylee/.rbenv/versions/2.5.1/include/ruby-2.5.0/x86_64-darwin18 -I/Users/imjeffreylee/.rbenv/versions/2.5.1/include/ruby-2.5.0/ruby/backward -I/Users/imjeffreylee/.rbenv/versions/2.5.1/include/ruby-2.5.0 -I. -I/Applications/Postgres.app/Contents/Versions/12/include -I/Users/imjeffreylee/.rbenv/versions/2.5.1/include  -D_XOPEN_SOURCE -D_DARWIN_C_SOURCE -D_DARWIN_UNLIMITED_SELECT -D_REENTRANT    -O3 -Wno-error=shorten-64-to-32  -pipe  conftest.c -o conftest.i"
checked program was:
/* begin */
1: #include "ruby.h"
2: 
3: #include <libpq-fe.h>
/* end */

--------------------

find_header: checking for libpq/libpq-fs.h... -------------------- yes

"clang -E -I/Users/imjeffreylee/.rbenv/versions/2.5.1/include/ruby-2.5.0/x86_64-darwin18 -I/Users/imjeffreylee/.rbenv/versions/2.5.1/include/ruby-2.5.0/ruby/backward -I/Users/imjeffreylee/.rbenv/versions/2.5.1/include/ruby-2.5.0 -I. -I/Applications/Postgres.app/Contents/Versions/12/include -I/Users/imjeffreylee/.rbenv/versions/2.5.1/include  -D_XOPEN_SOURCE -D_DARWIN_C_SOURCE -D_DARWIN_UNLIMITED_SELECT -D_REENTRANT    -O3 -Wno-error=shorten-64-to-32  -pipe  conftest.c -o conftest.i"
checked program was:
/* begin */
1: #include "ruby.h"
2: 
3: #include <libpq/libpq-fs.h>
/* end */

--------------------

find_header: checking for pg_config_manual.h... -------------------- yes

"clang -E -I/Users/imjeffreylee/.rbenv/versions/2.5.1/include/ruby-2.5.0/x86_64-darwin18 -I/Users/imjeffreylee/.rbenv/versions/2.5.1/include/ruby-2.5.0/ruby/backward -I/Users/imjeffreylee/.rbenv/versions/2.5.1/include/ruby-2.5.0 -I. -I/Applications/Postgres.app/Contents/Versions/12/include -I/Users/imjeffreylee/.rbenv/versions/2.5.1/include  -D_XOPEN_SOURCE -D_DARWIN_C_SOURCE -D_DARWIN_UNLIMITED_SELECT -D_REENTRANT    -O3 -Wno-error=shorten-64-to-32  -pipe  conftest.c -o conftest.i"
checked program was:
/* begin */
1: #include "ruby.h"
2: 
3: #include <pg_config_manual.h>
/* end */

--------------------

have_library: checking for PQconnectdb() in -lpq... -------------------- yes

"clang -o conftest -I/Users/imjeffreylee/.rbenv/versions/2.5.1/include/ruby-2.5.0/x86_64-darwin18 -I/Users/imjeffreylee/.rbenv/versions/2.5.1/include/ruby-2.5.0/ruby/backward -I/Users/imjeffreylee/.rbenv/versions/2.5.1/include/ruby-2.5.0 -I. -I/Applications/Postgres.app/Contents/Versions/12/include -I/Users/imjeffreylee/.rbenv/versions/2.5.1/include  -D_XOPEN_SOURCE -D_DARWIN_C_SOURCE -D_DARWIN_UNLIMITED_SELECT -D_REENTRANT    -O3 -Wno-error=shorten-64-to-32  -pipe conftest.c  -L. -L/Users/imjeffreylee/.rbenv/versions/2.5.1/lib -L/Applications/Postgres.app/Contents/Versions/12/lib -L. -L/Users/imjeffreylee/.rbenv/versions/2.5.1/lib  -fstack-protector -L/usr/local/lib -Wl,-rpath,/Applications/Postgres.app/Contents/Versions/12/lib     -lruby.2.5.1-static -framework Foundation -lpq  -lpthread -ldl -lobjc "
checked program was:
/* begin */
 1: #include "ruby.h"
 2: 
 3: #include <libpq-fe.h>
 4: 
 5: /*top*/
 6: extern int t(void);
 7: int main(int argc, char **argv)
 8: {
 9:   if (argc > 1000000) {
10:     printf("%p", &t);
11:   }
12: 
13:   return 0;
14: }
15: int t(void) { void ((*volatile p)()); p = (void ((*)()))PQconnectdb; return !p; }
/* end */

--------------------

have_func: checking for PQsetSingleRowMode()... -------------------- yes

"clang -o conftest -I/Users/imjeffreylee/.rbenv/versions/2.5.1/include/ruby-2.5.0/x86_64-darwin18 -I/Users/imjeffreylee/.rbenv/versions/2.5.1/include/ruby-2.5.0/ruby/backward -I/Users/imjeffreylee/.rbenv/versions/2.5.1/include/ruby-2.5.0 -I. -I/Applications/Postgres.app/Contents/Versions/12/include -I/Users/imjeffreylee/.rbenv/versions/2.5.1/include  -D_XOPEN_SOURCE -D_DARWIN_C_SOURCE -D_DARWIN_UNLIMITED_SELECT -D_REENTRANT    -O3 -Wno-error=shorten-64-to-32  -pipe conftest.c  -L. -L/Users/imjeffreylee/.rbenv/versions/2.5.1/lib -L/Applications/Postgres.app/Contents/Versions/12/lib -L. -L/Users/imjeffreylee/.rbenv/versions/2.5.1/lib  -fstack-protector -L/usr/local/lib -Wl,-rpath,/Applications/Postgres.app/Contents/Versions/12/lib    -lpq  -lruby.2.5.1-static -framework Foundation -lpq  -lpthread -ldl -lobjc "
conftest.c:13:57: error: use of undeclared identifier 'PQsetSingleRowMode'
int t(void) { void ((*volatile p)()); p = (void ((*)()))PQsetSingleRowMode; return !p; }
                                                        ^
1 error generated.
checked program was:
/* begin */
 1: #include "ruby.h"
 2: 
 3: /*top*/
 4: extern int t(void);
 5: int main(int argc, char **argv)
 6: {
 7:   if (argc > 1000000) {
 8:     printf("%p", &t);
 9:   }
10: 
11:   return 0;
12: }
13: int t(void) { void ((*volatile p)()); p = (void ((*)()))PQsetSingleRowMode; return !p; }
/* end */

"clang -o conftest -I/Users/imjeffreylee/.rbenv/versions/2.5.1/include/ruby-2.5.0/x86_64-darwin18 -I/Users/imjeffreylee/.rbenv/versions/2.5.1/include/ruby-2.5.0/ruby/backward -I/Users/imjeffreylee/.rbenv/versions/2.5.1/include/ruby-2.5.0 -I. -I/Applications/Postgres.app/Contents/Versions/12/include -I/Users/imjeffreylee/.rbenv/versions/2.5.1/include  -D_XOPEN_SOURCE -D_DARWIN_C_SOURCE -D_DARWIN_UNLIMITED_SELECT -D_REENTRANT    -O3 -Wno-error=shorten-64-to-32  -pipe conftest.c  -L. -L/Users/imjeffreylee/.rbenv/versions/2.5.1/lib -L/Applications/Postgres.app/Contents/Versions/12/lib -L. -L/Users/imjeffreylee/.rbenv/versions/2.5.1/lib  -fstack-protector -L/usr/local/lib -Wl,-rpath,/Applications/Postgres.app/Contents/Versions/12/lib    -lpq  -lruby.2.5.1-static -framework Foundation -lpq  -lpthread -ldl -lobjc "
checked program was:
/* begin */
 1: #include "ruby.h"
 2: 
 3: /*top*/
 4: extern int t(void);
 5: int main(int argc, char **argv)
 6: {
 7:   if (argc > 1000000) {
 8:     printf("%p", &t);
 9:   }
10: 
11:   return 0;
12: }
13: extern void PQsetSingleRowMode();
14: int t(void) { PQsetSingleRowMode(); return 0; }
/* end */

--------------------

have_func: checking for PQconninfo()... -------------------- yes

"clang -o conftest -I/Users/imjeffreylee/.rbenv/versions/2.5.1/include/ruby-2.5.0/x86_64-darwin18 -I/Users/imjeffreylee/.rbenv/versions/2.5.1/include/ruby-2.5.0/ruby/backward -I/Users/imjeffreylee/.rbenv/versions/2.5.1/include/ruby-2.5.0 -I. -I/Applications/Postgres.app/Contents/Versions/12/include -I/Users/imjeffreylee/.rbenv/versions/2.5.1/include  -D_XOPEN_SOURCE -D_DARWIN_C_SOURCE -D_DARWIN_UNLIMITED_SELECT -D_REENTRANT    -O3 -Wno-error=shorten-64-to-32  -pipe conftest.c  -L. -L/Users/imjeffreylee/.rbenv/versions/2.5.1/lib -L/Applications/Postgres.app/Contents/Versions/12/lib -L. -L/Users/imjeffreylee/.rbenv/versions/2.5.1/lib  -fstack-protector -L/usr/local/lib -Wl,-rpath,/Applications/Postgres.app/Contents/Versions/12/lib    -lpq  -lruby.2.5.1-static -framework Foundation -lpq  -lpthread -ldl -lobjc "
conftest.c:13:57: error: use of undeclared identifier 'PQconninfo'
int t(void) { void ((*volatile p)()); p = (void ((*)()))PQconninfo; return !p; }
                                                        ^
1 error generated.
checked program was:
/* begin */
 1: #include "ruby.h"
 2: 
 3: /*top*/
 4: extern int t(void);
 5: int main(int argc, char **argv)
 6: {
 7:   if (argc > 1000000) {
 8:     printf("%p", &t);
 9:   }
10: 
11:   return 0;
12: }
13: int t(void) { void ((*volatile p)()); p = (void ((*)()))PQconninfo; return !p; }
/* end */

"clang -o conftest -I/Users/imjeffreylee/.rbenv/versions/2.5.1/include/ruby-2.5.0/x86_64-darwin18 -I/Users/imjeffreylee/.rbenv/versions/2.5.1/include/ruby-2.5.0/ruby/backward -I/Users/imjeffreylee/.rbenv/versions/2.5.1/include/ruby-2.5.0 -I. -I/Applications/Postgres.app/Contents/Versions/12/include -I/Users/imjeffreylee/.rbenv/versions/2.5.1/include  -D_XOPEN_SOURCE -D_DARWIN_C_SOURCE -D_DARWIN_UNLIMITED_SELECT -D_REENTRANT    -O3 -Wno-error=shorten-64-to-32  -pipe conftest.c  -L. -L/Users/imjeffreylee/.rbenv/versions/2.5.1/lib -L/Applications/Postgres.app/Contents/Versions/12/lib -L. -L/Users/imjeffreylee/.rbenv/versions/2.5.1/lib  -fstack-protector -L/usr/local/lib -Wl,-rpath,/Applications/Postgres.app/Contents/Versions/12/lib    -lpq  -lruby.2.5.1-static -framework Foundation -lpq  -lpthread -ldl -lobjc "
checked program was:
/* begin */
 1: #include "ruby.h"
 2: 
 3: /*top*/
 4: extern int t(void);
 5: int main(int argc, char **argv)
 6: {
 7:   if (argc > 1000000) {
 8:     printf("%p", &t);
 9:   }
10: 
11:   return 0;
12: }
13: extern void PQconninfo();
14: int t(void) { PQconninfo(); return 0; }
/* end */

--------------------

have_func: checking for PQsslAttribute()... -------------------- yes

"clang -o conftest -I/Users/imjeffreylee/.rbenv/versions/2.5.1/include/ruby-2.5.0/x86_64-darwin18 -I/Users/imjeffreylee/.rbenv/versions/2.5.1/include/ruby-2.5.0/ruby/backward -I/Users/imjeffreylee/.rbenv/versions/2.5.1/include/ruby-2.5.0 -I. -I/Applications/Postgres.app/Contents/Versions/12/include -I/Users/imjeffreylee/.rbenv/versions/2.5.1/include  -D_XOPEN_SOURCE -D_DARWIN_C_SOURCE -D_DARWIN_UNLIMITED_SELECT -D_REENTRANT    -O3 -Wno-error=shorten-64-to-32  -pipe conftest.c  -L. -L/Users/imjeffreylee/.rbenv/versions/2.5.1/lib -L/Applications/Postgres.app/Contents/Versions/12/lib -L. -L/Users/imjeffreylee/.rbenv/versions/2.5.1/lib  -fstack-protector -L/usr/local/lib -Wl,-rpath,/Applications/Postgres.app/Contents/Versions/12/lib    -lpq  -lruby.2.5.1-static -framework Foundation -lpq  -lpthread -ldl -lobjc "
conftest.c:13:57: error: use of undeclared identifier 'PQsslAttribute'
int t(void) { void ((*volatile p)()); p = (void ((*)()))PQsslAttribute; return !p; }
                                                        ^
1 error generated.
checked program was:
/* begin */
 1: #include "ruby.h"
 2: 
 3: /*top*/
 4: extern int t(void);
 5: int main(int argc, char **argv)
 6: {
 7:   if (argc > 1000000) {
 8:     printf("%p", &t);
 9:   }
10: 
11:   return 0;
12: }
13: int t(void) { void ((*volatile p)()); p = (void ((*)()))PQsslAttribute; return !p; }
/* end */

"clang -o conftest -I/Users/imjeffreylee/.rbenv/versions/2.5.1/include/ruby-2.5.0/x86_64-darwin18 -I/Users/imjeffreylee/.rbenv/versions/2.5.1/include/ruby-2.5.0/ruby/backward -I/Users/imjeffreylee/.rbenv/versions/2.5.1/include/ruby-2.5.0 -I. -I/Applications/Postgres.app/Contents/Versions/12/include -I/Users/imjeffreylee/.rbenv/versions/2.5.1/include  -D_XOPEN_SOURCE -D_DARWIN_C_SOURCE -D_DARWIN_UNLIMITED_SELECT -D_REENTRANT    -O3 -Wno-error=shorten-64-to-32  -pipe conftest.c  -L. -L/Users/imjeffreylee/.rbenv/versions/2.5.1/lib -L/Applications/Postgres.app/Contents/Versions/12/lib -L. -L/Users/imjeffreylee/.rbenv/versions/2.5.1/lib  -fstack-protector -L/usr/local/lib -Wl,-rpath,/Applications/Postgres.app/Contents/Versions/12/lib    -lpq  -lruby.2.5.1-static -framework Foundation -lpq  -lpthread -ldl -lobjc "
checked program was:
/* begin */
 1: #include "ruby.h"
 2: 
 3: /*top*/
 4: extern int t(void);
 5: int main(int argc, char **argv)
 6: {
 7:   if (argc > 1000000) {
 8:     printf("%p", &t);
 9:   }
10: 
11:   return 0;
12: }
13: extern void PQsslAttribute();
14: int t(void) { PQsslAttribute(); return 0; }
/* end */

--------------------

have_func: checking for PQencryptPasswordConn()... -------------------- yes

"clang -o conftest -I/Users/imjeffreylee/.rbenv/versions/2.5.1/include/ruby-2.5.0/x86_64-darwin18 -I/Users/imjeffreylee/.rbenv/versions/2.5.1/include/ruby-2.5.0/ruby/backward -I/Users/imjeffreylee/.rbenv/versions/2.5.1/include/ruby-2.5.0 -I. -I/Applications/Postgres.app/Contents/Versions/12/include -I/Users/imjeffreylee/.rbenv/versions/2.5.1/include  -D_XOPEN_SOURCE -D_DARWIN_C_SOURCE -D_DARWIN_UNLIMITED_SELECT -D_REENTRANT    -O3 -Wno-error=shorten-64-to-32  -pipe conftest.c  -L. -L/Users/imjeffreylee/.rbenv/versions/2.5.1/lib -L/Applications/Postgres.app/Contents/Versions/12/lib -L. -L/Users/imjeffreylee/.rbenv/versions/2.5.1/lib  -fstack-protector -L/usr/local/lib -Wl,-rpath,/Applications/Postgres.app/Contents/Versions/12/lib    -lpq  -lruby.2.5.1-static -framework Foundation -lpq  -lpthread -ldl -lobjc "
conftest.c:13:57: error: use of undeclared identifier 'PQencryptPasswordConn'
int t(void) { void ((*volatile p)()); p = (void ((*)()))PQencryptPasswordConn; return !p; }
                                                        ^
1 error generated.
checked program was:
/* begin */
 1: #include "ruby.h"
 2: 
 3: /*top*/
 4: extern int t(void);
 5: int main(int argc, char **argv)
 6: {
 7:   if (argc > 1000000) {
 8:     printf("%p", &t);
 9:   }
10: 
11:   return 0;
12: }
13: int t(void) { void ((*volatile p)()); p = (void ((*)()))PQencryptPasswordConn; return !p; }
/* end */

"clang -o conftest -I/Users/imjeffreylee/.rbenv/versions/2.5.1/include/ruby-2.5.0/x86_64-darwin18 -I/Users/imjeffreylee/.rbenv/versions/2.5.1/include/ruby-2.5.0/ruby/backward -I/Users/imjeffreylee/.rbenv/versions/2.5.1/include/ruby-2.5.0 -I. -I/Applications/Postgres.app/Contents/Versions/12/include -I/Users/imjeffreylee/.rbenv/versions/2.5.1/include  -D_XOPEN_SOURCE -D_DARWIN_C_SOURCE -D_DARWIN_UNLIMITED_SELECT -D_REENTRANT    -O3 -Wno-error=shorten-64-to-32  -pipe conftest.c  -L. -L/Users/imjeffreylee/.rbenv/versions/2.5.1/lib -L/Applications/Postgres.app/Contents/Versions/12/lib -L. -L/Users/imjeffreylee/.rbenv/versions/2.5.1/lib  -fstack-protector -L/usr/local/lib -Wl,-rpath,/Applications/Postgres.app/Contents/Versions/12/lib    -lpq  -lruby.2.5.1-static -framework Foundation -lpq  -lpthread -ldl -lobjc "
checked program was:
/* begin */
 1: #include "ruby.h"
 2: 
 3: /*top*/
 4: extern int t(void);
 5: int main(int argc, char **argv)
 6: {
 7:   if (argc > 1000000) {
 8:     printf("%p", &t);
 9:   }
10: 
11:   return 0;
12: }
13: extern void PQencryptPasswordConn();
14: int t(void) { PQencryptPasswordConn(); return 0; }
/* end */

--------------------

have_func: checking for timegm()... -------------------- yes

"clang -o conftest -I/Users/imjeffreylee/.rbenv/versions/2.5.1/include/ruby-2.5.0/x86_64-darwin18 -I/Users/imjeffreylee/.rbenv/versions/2.5.1/include/ruby-2.5.0/ruby/backward -I/Users/imjeffreylee/.rbenv/versions/2.5.1/include/ruby-2.5.0 -I. -I/Applications/Postgres.app/Contents/Versions/12/include -I/Users/imjeffreylee/.rbenv/versions/2.5.1/include  -D_XOPEN_SOURCE -D_DARWIN_C_SOURCE -D_DARWIN_UNLIMITED_SELECT -D_REENTRANT    -O3 -Wno-error=shorten-64-to-32  -pipe conftest.c  -L. -L/Users/imjeffreylee/.rbenv/versions/2.5.1/lib -L/Applications/Postgres.app/Contents/Versions/12/lib -L. -L/Users/imjeffreylee/.rbenv/versions/2.5.1/lib  -fstack-protector -L/usr/local/lib -Wl,-rpath,/Applications/Postgres.app/Contents/Versions/12/lib    -lpq  -lruby.2.5.1-static -framework Foundation -lpq  -lpthread -ldl -lobjc "
conftest.c:13:57: error: use of undeclared identifier 'timegm'
int t(void) { void ((*volatile p)()); p = (void ((*)()))timegm; return !p; }
                                                        ^
1 error generated.
checked program was:
/* begin */
 1: #include "ruby.h"
 2: 
 3: /*top*/
 4: extern int t(void);
 5: int main(int argc, char **argv)
 6: {
 7:   if (argc > 1000000) {
 8:     printf("%p", &t);
 9:   }
10: 
11:   return 0;
12: }
13: int t(void) { void ((*volatile p)()); p = (void ((*)()))timegm; return !p; }
/* end */

"clang -o conftest -I/Users/imjeffreylee/.rbenv/versions/2.5.1/include/ruby-2.5.0/x86_64-darwin18 -I/Users/imjeffreylee/.rbenv/versions/2.5.1/include/ruby-2.5.0/ruby/backward -I/Users/imjeffreylee/.rbenv/versions/2.5.1/include/ruby-2.5.0 -I. -I/Applications/Postgres.app/Contents/Versions/12/include -I/Users/imjeffreylee/.rbenv/versions/2.5.1/include  -D_XOPEN_SOURCE -D_DARWIN_C_SOURCE -D_DARWIN_UNLIMITED_SELECT -D_REENTRANT    -O3 -Wno-error=shorten-64-to-32  -pipe conftest.c  -L. -L/Users/imjeffreylee/.rbenv/versions/2.5.1/lib -L/Applications/Postgres.app/Contents/Versions/12/lib -L. -L/Users/imjeffreylee/.rbenv/versions/2.5.1/lib  -fstack-protector -L/usr/local/lib -Wl,-rpath,/Applications/Postgres.app/Contents/Versions/12/lib    -lpq  -lruby.2.5.1-static -framework Foundation -lpq  -lpthread -ldl -lobjc "
checked program was:
/* begin */
 1: #include "ruby.h"
 2: 
 3: /*top*/
 4: extern int t(void);
 5: int main(int argc, char **argv)
 6: {
 7:   if (argc > 1000000) {
 8:     printf("%p", &t);
 9:   }
10: 
11:   return 0;
12: }
13: extern void timegm();
14: int t(void) { timegm(); return 0; }
/* end */

--------------------

have_func: checking for rb_gc_adjust_memory_usage()... -------------------- yes

"clang -o conftest -I/Users/imjeffreylee/.rbenv/versions/2.5.1/include/ruby-2.5.0/x86_64-darwin18 -I/Users/imjeffreylee/.rbenv/versions/2.5.1/include/ruby-2.5.0/ruby/backward -I/Users/imjeffreylee/.rbenv/versions/2.5.1/include/ruby-2.5.0 -I. -I/Applications/Postgres.app/Contents/Versions/12/include -I/Users/imjeffreylee/.rbenv/versions/2.5.1/include  -D_XOPEN_SOURCE -D_DARWIN_C_SOURCE -D_DARWIN_UNLIMITED_SELECT -D_REENTRANT    -O3 -Wno-error=shorten-64-to-32  -pipe conftest.c  -L. -L/Users/imjeffreylee/.rbenv/versions/2.5.1/lib -L/Applications/Postgres.app/Contents/Versions/12/lib -L. -L/Users/imjeffreylee/.rbenv/versions/2.5.1/lib  -fstack-protector -L/usr/local/lib -Wl,-rpath,/Applications/Postgres.app/Contents/Versions/12/lib    -lpq  -lruby.2.5.1-static -framework Foundation -lpq  -lpthread -ldl -lobjc "
checked program was:
/* begin */
 1: #include "ruby.h"
 2: 
 3: /*top*/
 4: extern int t(void);
 5: int main(int argc, char **argv)
 6: {
 7:   if (argc > 1000000) {
 8:     printf("%p", &t);
 9:   }
10: 
11:   return 0;
12: }
13: int t(void) { void ((*volatile p)()); p = (void ((*)()))rb_gc_adjust_memory_usage; return !p; }
/* end */

--------------------

have_const: checking for PG_DIAG_TABLE_NAME in libpq-fe.h... -------------------- yes

"clang -I/Users/imjeffreylee/.rbenv/versions/2.5.1/include/ruby-2.5.0/x86_64-darwin18 -I/Users/imjeffreylee/.rbenv/versions/2.5.1/include/ruby-2.5.0/ruby/backward -I/Users/imjeffreylee/.rbenv/versions/2.5.1/include/ruby-2.5.0 -I. -I/Applications/Postgres.app/Contents/Versions/12/include -I/Users/imjeffreylee/.rbenv/versions/2.5.1/include  -D_XOPEN_SOURCE -D_DARWIN_C_SOURCE -D_DARWIN_UNLIMITED_SELECT -D_REENTRANT    -O3 -Wno-error=shorten-64-to-32  -pipe   -c conftest.c"
checked program was:
/* begin */
1: #include "ruby.h"
2: 
3: #include <libpq-fe.h>
4: 
5: /*top*/
6: typedef int conftest_type;
7: conftest_type conftestval = (int)PG_DIAG_TABLE_NAME;
/* end */

--------------------

have_header: checking for unistd.h... -------------------- yes

"clang -E -I/Users/imjeffreylee/.rbenv/versions/2.5.1/include/ruby-2.5.0/x86_64-darwin18 -I/Users/imjeffreylee/.rbenv/versions/2.5.1/include/ruby-2.5.0/ruby/backward -I/Users/imjeffreylee/.rbenv/versions/2.5.1/include/ruby-2.5.0 -I. -I/Applications/Postgres.app/Contents/Versions/12/include -I/Users/imjeffreylee/.rbenv/versions/2.5.1/include  -D_XOPEN_SOURCE -D_DARWIN_C_SOURCE -D_DARWIN_UNLIMITED_SELECT -D_REENTRANT    -O3 -Wno-error=shorten-64-to-32  -pipe  conftest.c -o conftest.i"
checked program was:
/* begin */
1: #include "ruby.h"
2: 
3: #include <unistd.h>
/* end */

--------------------

have_header: checking for inttypes.h... -------------------- yes

"clang -E -I/Users/imjeffreylee/.rbenv/versions/2.5.1/include/ruby-2.5.0/x86_64-darwin18 -I/Users/imjeffreylee/.rbenv/versions/2.5.1/include/ruby-2.5.0/ruby/backward -I/Users/imjeffreylee/.rbenv/versions/2.5.1/include/ruby-2.5.0 -I. -I/Applications/Postgres.app/Contents/Versions/12/include -I/Users/imjeffreylee/.rbenv/versions/2.5.1/include  -D_XOPEN_SOURCE -D_DARWIN_C_SOURCE -D_DARWIN_UNLIMITED_SELECT -D_REENTRANT    -O3 -Wno-error=shorten-64-to-32  -pipe  conftest.c -o conftest.i"
checked program was:
/* begin */
1: #include "ruby.h"
2: 
3: #include <inttypes.h>
/* end */

--------------------

checking for C99 variable length arrays... -------------------- yes

"clang -I/Users/imjeffreylee/.rbenv/versions/2.5.1/include/ruby-2.5.0/x86_64-darwin18 -I/Users/imjeffreylee/.rbenv/versions/2.5.1/include/ruby-2.5.0/ruby/backward -I/Users/imjeffreylee/.rbenv/versions/2.5.1/include/ruby-2.5.0 -I. -I/Applications/Postgres.app/Contents/Versions/12/include -I/Users/imjeffreylee/.rbenv/versions/2.5.1/include  -D_XOPEN_SOURCE -D_DARWIN_C_SOURCE -D_DARWIN_UNLIMITED_SELECT -D_REENTRANT    -O3 -Wno-error=shorten-64-to-32  -pipe   -c conftest.c"
checked program was:
/* begin */
1: #include "ruby.h"
2: 
3: void test_vla(int l){ int vla[l]; }
/* end */

--------------------

extconf.h is:
/* begin */
 1: #ifndef EXTCONF_H
 2: #define EXTCONF_H
 3: #define HAVE_PQSETSINGLEROWMODE 1
 4: #define HAVE_PQCONNINFO 1
 5: #define HAVE_PQSSLATTRIBUTE 1
 6: #define HAVE_PQENCRYPTPASSWORDCONN 1
 7: #define HAVE_TIMEGM 1
 8: #define HAVE_RB_GC_ADJUST_MEMORY_USAGE 1
 9: #define HAVE_CONST_PG_DIAG_TABLE_NAME 1
10: #define HAVE_UNISTD_H 1
11: #define HAVE_INTTYPES_H 1
12: #define HAVE_VARIABLE_LENGTH_ARRAYS 1
13: #endif
/* end */

